{
  "stats": {
    "suites": 1,
    "tests": 1,
    "passes": 1,
    "pending": 0,
    "failures": 0,
    "start": "2023-06-27T15:03:32.022Z",
    "end": "2023-06-27T15:03:34.966Z",
    "duration": 2944,
    "testsRegistered": 1,
    "passPercent": 100,
    "pendingPercent": 0,
    "other": 0,
    "hasOther": false,
    "skipped": 0,
    "hasSkipped": false
  },
  "results": [
    {
      "uuid": "3b6abab2-4f11-4070-ab7f-ba55dca5dc71",
      "title": "",
      "fullFile": "cypress\\e2e\\CypressIO\\querying-spec.cy.js",
      "file": "cypress\\e2e\\CypressIO\\querying-spec.cy.js",
      "beforeHooks": [],
      "afterHooks": [],
      "tests": [],
      "suites": [
        {
          "uuid": "8a04d1a9-3d7e-44c0-9b8d-7c23ce043d39",
          "title": "Querying",
          "fullFile": "",
          "file": "",
          "beforeHooks": [],
          "afterHooks": [],
          "tests": [
            {
              "title": "cyGet",
              "fullTitle": "Querying cyGet",
              "timedOut": null,
              "duration": 1222,
              "state": "passed",
              "speed": "fast",
              "pass": true,
              "fail": false,
              "pending": false,
              "context": null,
              "code": "// Para acessar o Querying, foi preciso alterar o Display do <ul.dropdown-menu> para Block\n// Uma forma mais fácil de acessar a mesma tela seria fazer somente um \" cy.contains('get').click() \"\ncy.get('ul.dropdown-menu').invoke('css', 'display', 'block'); // Altera a propriedade CSS 'display' do elemento pai para 'block'\ncy.contains('Querying').should('be.visible').click();\n// Busca pelo componente com o ID \"query-btn\", e clica nele\ncy.get('#query-btn').click();\n// Busca pela classe \"query-list\", e onde contém \"bananas\", checa se possui classe chamada \"third\"\ncy.get('.query-list').contains('bananas').should('have.class', 'third');\n// Busca pela classe \"query-form\" e checa se ela possui via arrow function os campos específicos, além disso, checa se tem o atributo \"placeholder\" como \"Email\"\ncy.get('.query-form').within(() => {\n  cy.get('input');\n  cy.get('input:first').should('have.attr', 'placeholder', 'Email');\n  cy.get('input:last').should('have.attr', 'placeholder', 'Password');\n});",
              "err": {},
              "uuid": "a4e2a98b-e012-452f-ad3f-4f82261f68f9",
              "parentUUID": "8a04d1a9-3d7e-44c0-9b8d-7c23ce043d39",
              "isHook": false,
              "skipped": false
            }
          ],
          "suites": [],
          "passes": [
            "a4e2a98b-e012-452f-ad3f-4f82261f68f9"
          ],
          "failures": [],
          "pending": [],
          "skipped": [],
          "duration": 1222,
          "root": false,
          "rootEmpty": false,
          "_timeout": 2000
        }
      ],
      "passes": [],
      "failures": [],
      "pending": [],
      "skipped": [],
      "duration": 0,
      "root": true,
      "rootEmpty": true,
      "_timeout": 2000
    }
  ],
  "meta": {
    "mocha": {
      "version": "7.0.1"
    },
    "mochawesome": {
      "options": {
        "quiet": false,
        "reportFilename": "mochawesome",
        "saveHtml": true,
        "saveJson": true,
        "consoleReporter": "spec",
        "useInlineDiffs": false,
        "code": true
      },
      "version": "7.1.3"
    },
    "marge": {
      "options": null,
      "version": "6.2.0"
    }
  }
}